<?xml version="1.0" encoding="UTF-8"?>
<!-- Generated by org.testng.reporters.JUnitReportReporter -->
<testsuite hostname="Ravi-PC" failures="0" tests="2" name="com.zohocrm.qa.testcases.LandingPageTest" time="26.381" errors="0" timestamp="2021-03-29T16:21:34 IST" skipped="0">
  <testcase classname="com.zohocrm.qa.testcases.LandingPageTest" name="landingPageTitleTest" time="7.388"/>
  <system-out/>
  <testcase classname="com.zohocrm.qa.testcases.LandingPageTest" name="ClickOnSignInTest" time="18.993"/>
  <system-out/>
</testsuite> <!-- com.zohocrm.qa.testcases.LandingPageTest -->
